2026-07-07 09:11:07 +08:00: 
2026-07-07 09:11:07 +08:00: > ai-private-tutor@0.1.0 start
2026-07-07 09:11:07 +08:00: > next start -p 3000
2026-07-07 09:11:07 +08:00: 
2026-07-07 09:11:07 +08:00: ▲ Next.js 16.2.10
2026-07-07 09:11:07 +08:00: - Local:         http://localhost:3000
2026-07-07 09:11:07 +08:00: - Network:       http://10.11.19.5:3000
2026-07-07 09:11:07 +08:00: ✓ Ready in 147ms
2026-07-07 09:11:08 +08:00: [instrumentation] Queues: DISABLED
2026-07-07 09:11:08 +08:00: [instrumentation] Registered 9 local queue processors
2026-07-07 09:13:47 +08:00: 
2026-07-07 09:13:47 +08:00: > ai-private-tutor@0.1.0 start
2026-07-07 09:13:47 +08:00: > next start -p 3000
2026-07-07 09:13:47 +08:00: 
2026-07-07 09:13:48 +08:00: ▲ Next.js 16.2.10
2026-07-07 09:13:48 +08:00: - Local:         http://localhost:3000
2026-07-07 09:13:48 +08:00: - Network:       http://10.11.19.5:3000
2026-07-07 09:13:48 +08:00: ✓ Ready in 123ms
2026-07-07 09:13:48 +08:00: [instrumentation] Queues: DISABLED
2026-07-07 09:13:48 +08:00: [instrumentation] Registered 9 local queue processors
2026-07-07 09:34:57 +08:00: 
2026-07-07 09:34:57 +08:00: > ai-private-tutor@0.1.0 start
2026-07-07 09:34:57 +08:00: > next start -p 3000
2026-07-07 09:34:57 +08:00: 
2026-07-07 09:34:57 +08:00: ▲ Next.js 16.2.10
2026-07-07 09:34:57 +08:00: - Local:         http://localhost:3000
2026-07-07 09:34:57 +08:00: - Network:       http://10.11.19.5:3000
2026-07-07 09:34:57 +08:00: ✓ Ready in 134ms
2026-07-07 09:34:58 +08:00: [instrumentation] Queues: DISABLED
2026-07-07 09:34:58 +08:00: [instrumentation] Registered 9 local queue processors
2026-07-07 09:36:45 +08:00: 
2026-07-07 09:36:45 +08:00: > ai-private-tutor@0.1.0 start
2026-07-07 09:36:45 +08:00: > next start -p 3000
2026-07-07 09:36:45 +08:00: 
2026-07-07 09:36:46 +08:00: ▲ Next.js 16.2.10
2026-07-07 09:36:46 +08:00: - Local:         http://localhost:3000
2026-07-07 09:36:46 +08:00: - Network:       http://10.11.19.5:3000
2026-07-07 09:36:46 +08:00: ✓ Ready in 129ms
2026-07-07 09:36:46 +08:00: [instrumentation] Queues: DISABLED
2026-07-07 09:36:46 +08:00: [instrumentation] Registered 9 local queue processors
2026-07-07 09:45:09 +08:00: 
2026-07-07 09:45:09 +08:00: > ai-private-tutor@0.1.0 start
2026-07-07 09:45:09 +08:00: > next start -p 3000
2026-07-07 09:45:09 +08:00: 
2026-07-07 09:45:10 +08:00: ▲ Next.js 16.2.10
2026-07-07 09:45:10 +08:00: - Local:         http://localhost:3000
2026-07-07 09:45:10 +08:00: - Network:       http://10.11.19.5:3000
2026-07-07 09:45:10 +08:00: ✓ Ready in 127ms
2026-07-07 09:45:10 +08:00: [instrumentation] Queues: DISABLED
2026-07-07 09:45:10 +08:00: [instrumentation] Registered 9 local queue processors
2026-07-07 09:47:58 +08:00: 
2026-07-07 09:47:58 +08:00: > ai-private-tutor@0.1.0 start
2026-07-07 09:47:58 +08:00: > next start -p 3000
2026-07-07 09:47:58 +08:00: 
2026-07-07 09:47:58 +08:00: ▲ Next.js 16.2.10
2026-07-07 09:47:58 +08:00: - Local:         http://localhost:3000
2026-07-07 09:47:58 +08:00: - Network:       http://10.11.19.5:3000
2026-07-07 09:47:58 +08:00: ✓ Ready in 127ms
2026-07-07 09:47:59 +08:00: [instrumentation] Queues: DISABLED
2026-07-07 09:47:59 +08:00: [instrumentation] Registered 9 local queue processors
2026-07-07 09:51:17 +08:00: 
2026-07-07 09:51:17 +08:00: > ai-private-tutor@0.1.0 start
2026-07-07 09:51:17 +08:00: > next start -p 3000
2026-07-07 09:51:17 +08:00: 
2026-07-07 09:51:17 +08:00: ▲ Next.js 16.2.10
2026-07-07 09:51:17 +08:00: - Local:         http://localhost:3000
2026-07-07 09:51:17 +08:00: - Network:       http://10.11.19.5:3000
2026-07-07 09:51:17 +08:00: ✓ Ready in 243ms
2026-07-07 09:51:18 +08:00: [instrumentation] Queues: DISABLED
2026-07-07 09:51:18 +08:00: [instrumentation] Registered 9 local queue processors
2026-07-07 09:52:26 +08:00: 
2026-07-07 09:52:26 +08:00: > ai-private-tutor@0.1.0 start
2026-07-07 09:52:26 +08:00: > next start -p 3000
2026-07-07 09:52:26 +08:00: 
2026-07-07 09:52:27 +08:00: ▲ Next.js 16.2.10
2026-07-07 09:52:27 +08:00: - Local:         http://localhost:3000
2026-07-07 09:52:27 +08:00: - Network:       http://10.11.19.5:3000
2026-07-07 09:52:27 +08:00: ✓ Ready in 145ms
2026-07-07 09:52:27 +08:00: - [31merror[0m [nextra] Error validating nextraConfig
2026-07-07 09:52:32 +08:00: 
2026-07-07 09:52:32 +08:00: > ai-private-tutor@0.1.0 start
2026-07-07 09:52:32 +08:00: > next start -p 3000
2026-07-07 09:52:32 +08:00: 
2026-07-07 09:52:32 +08:00: ▲ Next.js 16.2.10
2026-07-07 09:52:32 +08:00: - Local:         http://localhost:3000
2026-07-07 09:52:32 +08:00: - Network:       http://10.11.19.5:3000
2026-07-07 09:52:32 +08:00: ✓ Ready in 124ms
2026-07-07 09:52:32 +08:00: - [31merror[0m [nextra] Error validating nextraConfig
2026-07-07 09:52:38 +08:00: 
2026-07-07 09:52:38 +08:00: > ai-private-tutor@0.1.0 start
2026-07-07 09:52:38 +08:00: > next start -p 3000
2026-07-07 09:52:38 +08:00: 
2026-07-07 09:52:38 +08:00: ▲ Next.js 16.2.10
2026-07-07 09:52:38 +08:00: - Local:         http://localhost:3000
2026-07-07 09:52:38 +08:00: - Network:       http://10.11.19.5:3000
2026-07-07 09:52:38 +08:00: ✓ Ready in 132ms
2026-07-07 09:52:38 +08:00: - [31merror[0m [nextra] Error validating nextraConfig
2026-07-07 09:52:43 +08:00: 
2026-07-07 09:52:43 +08:00: > ai-private-tutor@0.1.0 start
2026-07-07 09:52:43 +08:00: > next start -p 3000
2026-07-07 09:52:43 +08:00: 
2026-07-07 09:52:43 +08:00: ▲ Next.js 16.2.10
2026-07-07 09:52:43 +08:00: - Local:         http://localhost:3000
2026-07-07 09:52:43 +08:00: - Network:       http://10.11.19.5:3000
2026-07-07 09:52:43 +08:00: ✓ Ready in 127ms
2026-07-07 09:52:43 +08:00: - [31merror[0m [nextra] Error validating nextraConfig
2026-07-07 09:52:49 +08:00: 
2026-07-07 09:52:49 +08:00: > ai-private-tutor@0.1.0 start
2026-07-07 09:52:49 +08:00: > next start -p 3000
2026-07-07 09:52:49 +08:00: 
2026-07-07 09:52:49 +08:00: ▲ Next.js 16.2.10
2026-07-07 09:52:49 +08:00: - Local:         http://localhost:3000
2026-07-07 09:52:49 +08:00: - Network:       http://10.11.19.5:3000
2026-07-07 09:52:49 +08:00: ✓ Ready in 124ms
2026-07-07 09:52:49 +08:00: - [31merror[0m [nextra] Error validating nextraConfig
2026-07-07 09:52:54 +08:00: 
2026-07-07 09:52:54 +08:00: > ai-private-tutor@0.1.0 start
2026-07-07 09:52:54 +08:00: > next start -p 3000
2026-07-07 09:52:54 +08:00: 
2026-07-07 09:52:54 +08:00: ▲ Next.js 16.2.10
2026-07-07 09:52:54 +08:00: - Local:         http://localhost:3000
2026-07-07 09:52:54 +08:00: - Network:       http://10.11.19.5:3000
2026-07-07 09:52:54 +08:00: ✓ Ready in 127ms
2026-07-07 09:52:55 +08:00: [instrumentation] Queues: DISABLED
2026-07-07 09:52:55 +08:00: [instrumentation] Registered 9 local queue processors
2026-07-07 09:56:05 +08:00: 
2026-07-07 09:56:05 +08:00: > ai-private-tutor@0.1.0 start
2026-07-07 09:56:05 +08:00: > next start -p 3000
2026-07-07 09:56:05 +08:00: 
2026-07-07 09:56:05 +08:00: ▲ Next.js 16.2.10
2026-07-07 09:56:05 +08:00: - Local:         http://localhost:3000
2026-07-07 09:56:05 +08:00: - Network:       http://10.11.19.5:3000
2026-07-07 09:56:05 +08:00: ✓ Ready in 151ms
2026-07-07 09:56:06 +08:00: [instrumentation] Queues: DISABLED
2026-07-07 09:56:06 +08:00: [instrumentation] Registered 9 local queue processors
2026-07-07 10:01:03 +08:00: 
2026-07-07 10:01:03 +08:00: > ai-private-tutor@0.1.0 start
2026-07-07 10:01:03 +08:00: > next start -p 3000
2026-07-07 10:01:03 +08:00: 
2026-07-07 10:01:03 +08:00: ▲ Next.js 16.2.10
2026-07-07 10:01:03 +08:00: - Local:         http://localhost:3000
2026-07-07 10:01:03 +08:00: - Network:       http://10.11.19.5:3000
2026-07-07 10:01:03 +08:00: ✓ Ready in 134ms
2026-07-07 10:01:04 +08:00: [instrumentation] Queues: DISABLED
2026-07-07 10:01:04 +08:00: [instrumentation] Registered 9 local queue processors
2026-07-07 10:04:59 +08:00: 
2026-07-07 10:04:59 +08:00: > ai-private-tutor@0.1.0 start
2026-07-07 10:04:59 +08:00: > next start -p 3000
2026-07-07 10:04:59 +08:00: 
2026-07-07 10:05:00 +08:00: ▲ Next.js 16.2.10
2026-07-07 10:05:00 +08:00: - Local:         http://localhost:3000
2026-07-07 10:05:00 +08:00: - Network:       http://10.11.19.5:3000
2026-07-07 10:05:00 +08:00: ✓ Ready in 152ms
2026-07-07 10:05:00 +08:00: [instrumentation] Queues: DISABLED
2026-07-07 10:05:00 +08:00: [instrumentation] Registered 9 local queue processors
