[2026-07-14T03:51:19.278Z] 🚀 Starting Raihan SMP7 slide regeneration
[2026-07-14T03:51:19.279Z] 📁 Checkpoint: /home/ubuntu/ai-private-tutor/data/.checkpoint-raihan.json
[2026-07-14T03:51:19.459Z] 📚 Found 99 total materials
[2026-07-14T03:51:19.459Z] 📋 99 / 99 materials have flat-bullet slides
[2026-07-14T03:51:19.459Z] 🔄 [1-5/99] Processing 5 materials (0 done so far)...
[2026-07-14T03:51:19.460Z]   ⏳ IPA — Hakikat Ilmu Sains...
[2026-07-14T03:51:51.267Z]   ✅ Hakikat Ilmu Sains — 3 sections, 876 chars
[2026-07-14T03:51:51.766Z]   ⏳ Bahasa Inggris — Greetings and Introductions...
[2026-07-14T03:52:04.151Z]   ✅ Greetings and Introductions — 3 sections, 797 chars
[2026-07-14T03:52:04.652Z]   ⏳ IPS — Ruang dan Sumber Daya...
[2026-07-14T03:52:12.445Z]   ✅ Ruang dan Sumber Daya — 3 sections, 716 chars
[2026-07-14T03:52:12.945Z]   ⏳ Matematika — Bilangan Bulat dan Operasi...
[2026-07-14T03:52:26.995Z]   ✅ Bilangan Bulat dan Operasi — 3 sections, 871 chars
[2026-07-14T03:52:27.495Z]   ⏳ Informatika — Dasar Berpikir Komputasional...
[2026-07-14T03:53:22.310Z]   ✅ Dasar Berpikir Komputasional — 3 sections, 1077 chars
[2026-07-14T03:53:23.810Z] 🔄 [6-10/99] Processing 5 materials (0 done so far)...
[2026-07-14T03:53:23.810Z]   ⏳ PJOK — Gerak Lokomotor dan Non-Lokomotor...
[2026-07-14T03:53:38.839Z]   ✅ Gerak Lokomotor dan Non-Lokomotor — 3 sections, 742 chars
[2026-07-14T03:53:39.339Z]   ⏳ Bahasa Indonesia — Teks Deskripsi...
[2026-07-14T03:54:54.595Z]   ✅ Teks Deskripsi — 3 sections, 919 chars
[2026-07-14T03:54:55.094Z]   ⏳ Pendidikan Pancasila — Sejarah Kelahiran Pancasila...
[2026-07-14T03:55:13.239Z]   ✅ Sejarah Kelahiran Pancasila — 3 sections, 510 chars
[2026-07-14T03:55:13.740Z]   ⏳ IPS — Bentuk Interaksi Sosial...
[2026-07-14T03:55:30.886Z]   ✅ Bentuk Interaksi Sosial — 3 sections, 1140 chars
[2026-07-14T03:55:31.386Z]   ⏳ Pendidikan Pancasila — Nilai-Nilai Pancasila...
[2026-07-14T03:55:49.755Z]   ✅ Nilai-Nilai Pancasila — 3 sections, 710 chars
[2026-07-14T03:55:51.256Z] 🔄 [11-15/99] Processing 5 materials (0 done so far)...
[2026-07-14T03:55:51.256Z]   ⏳ PJOK — Hubungan Gerak Dasar dan Keterampilan...
[2026-07-14T03:56:23.993Z]   ✅ Hubungan Gerak Dasar dan Keterampilan — 4 sections, 1022 chars
[2026-07-14T03:56:24.493Z]   ⏳ Informatika — Algoritma dan Pemrograman...
[2026-07-14T03:56:57.660Z]   ✅ Algoritma dan Pemrograman — 3 sections, 1058 chars
[2026-07-14T03:56:58.160Z]   ⏳ Matematika — Bilangan Pecahan...
[2026-07-14T03:57:11.425Z]   ✅ Bilangan Pecahan — 4 sections, 818 chars
[2026-07-14T03:57:11.926Z]   ⏳ Bahasa Inggris — Personal Identity...
[2026-07-14T03:57:24.069Z]   ✅ Personal Identity — 3 sections, 839 chars
[2026-07-14T03:57:24.568Z]   ⏳ Bahasa Indonesia — Unsur Bahasa dalam Teks Deskripsi...
[2026-07-14T03:57:40.453Z]   ✅ Unsur Bahasa dalam Teks Deskripsi — 3 sections, 903 chars
[2026-07-14T03:57:41.955Z] 🔄 [16-20/99] Processing 5 materials (0 done so far)...
[2026-07-14T03:57:41.955Z]   ⏳ IPA — Laboratorium IPA...
[2026-07-14T03:57:56.793Z]   ✅ Laboratorium IPA — 3 sections, 1096 chars
[2026-07-14T03:57:57.294Z]   ⏳ Bahasa Indonesia — Menganalisis Teks Deskripsi...
[2026-07-14T03:58:29.401Z]   ✅ Menganalisis Teks Deskripsi — 3 sections, 963 chars
[2026-07-14T03:58:29.901Z]   ⏳ IPA — Metode Ilmiah...
[2026-07-14T03:59:27.543Z]   ✅ Metode Ilmiah — 3 sections, 936 chars
[2026-07-14T03:59:28.043Z]   ⏳ Pendidikan Pancasila — Makna Sila-Sila Pancasila...
[2026-07-14T04:00:18.958Z]   ✅ Makna Sila-Sila Pancasila — 3 sections, 639 chars
[2026-07-14T04:00:19.458Z]   ⏳ IPS — Keragaman Suku dan Budaya...
[2026-07-14T04:00:28.869Z]   ✅ Keragaman Suku dan Budaya — 3 sections, 726 chars
[2026-07-14T04:00:30.371Z] 🔄 [21-25/99] Processing 5 materials (0 done so far)...
[2026-07-14T04:00:30.371Z]   ⏳ Informatika — Jaringan Internet...
[2026-07-14T04:01:12.230Z]   ✅ Jaringan Internet — 3 sections, 385 chars
[2026-07-14T04:01:12.729Z]   ⏳ PJOK — Umpan Balik Belajar Gerak...
[2026-07-14T04:01:44.332Z]   ✅ Umpan Balik Belajar Gerak — 3 sections, 1023 chars
[2026-07-14T04:01:44.831Z]   ⏳ Bahasa Inggris — Daily Routines...
[2026-07-14T04:01:58.342Z]   ✅ Daily Routines — 4 sections, 1077 chars
[2026-07-14T04:01:58.842Z]   ⏳ Matematika — Bentuk Aljabar...
[2026-07-14T04:03:03.265Z]   ✅ Bentuk Aljabar — 2 sections, 494 chars
[2026-07-14T04:03:03.766Z]   ⏳ Bahasa Inggris — Telling Time...
[2026-07-14T04:03:14.567Z]   ✅ Telling Time — 4 sections, 829 chars
[2026-07-14T04:03:16.068Z] 🔄 [26-30/99] Processing 5 materials (0 done so far)...
[2026-07-14T04:03:16.068Z]   ⏳ PJOK — Taktik Permainan Bola Besar...
[2026-07-14T04:03:26.580Z]   ✅ Taktik Permainan Bola Besar — 3 sections, 600 chars
[2026-07-14T04:03:27.079Z]   ⏳ IPA — Merancang Percobaan...
[2026-07-14T04:03:34.409Z]   ✅ Merancang Percobaan — 3 sections, 667 chars
[2026-07-14T04:03:34.909Z]   ⏳ Matematika — Persamaan Linear...
[2026-07-14T04:03:53.671Z]   ✅ Persamaan Linear — 3 sections, 797 chars
[2026-07-14T04:03:54.171Z]   ⏳ Informatika — Keamanan Data dan Privasi...
[2026-07-14T04:04:06.026Z]   ✅ Keamanan Data dan Privasi — 3 sections, 1063 chars
[2026-07-14T04:04:06.526Z]   ⏳ Pendidikan Pancasila — Penerapan Pancasila...
[2026-07-14T04:04:20.839Z]   ✅ Penerapan Pancasila — 3 sections, 616 chars
[2026-07-14T04:04:22.341Z] 🔄 [31-35/99] Processing 5 materials (0 done so far)...
[2026-07-14T04:04:22.342Z]   ⏳ Bahasa Indonesia — Menyajikan Teks Deskripsi...
[2026-07-14T04:04:39.564Z]   ✅ Menyajikan Teks Deskripsi — 3 sections, 709 chars
[2026-07-14T04:04:40.063Z]   ⏳ IPS — Masa Hindu-Buddha...
[2026-07-14T04:05:23.212Z]   ✅ Masa Hindu-Buddha — 2 sections, 353 chars
[2026-07-14T04:05:23.711Z]   ⏳ IPS — Masa Islam...
[2026-07-14T04:05:41.293Z]   ✅ Masa Islam — 3 sections, 927 chars
[2026-07-14T04:05:41.794Z]   ⏳ Matematika — Skala dan Rasio...
[2026-07-14T04:06:10.774Z]   ✅ Skala dan Rasio — 3 sections, 614 chars
[2026-07-14T04:06:11.274Z]   ⏳ Bahasa Inggris — Subjects and Schedules...
[2026-07-14T04:06:27.913Z]   ✅ Subjects and Schedules — 3 sections, 1057 chars
[2026-07-14T04:06:29.415Z] 🔄 [36-40/99] Processing 5 materials (0 done so far)...
[2026-07-14T04:06:29.415Z]   ⏳ PJOK — Taktik Permainan Bola Kecil...
[2026-07-14T04:06:45.567Z]   ✅ Taktik Permainan Bola Kecil — 3 sections, 674 chars
[2026-07-14T04:06:46.067Z]   ⏳ Bahasa Indonesia — Mengenal Puisi...
[2026-07-14T04:06:54.071Z]   ✅ Mengenal Puisi — 3 sections, 710 chars
[2026-07-14T04:06:54.571Z]   ⏳ Informatika — Dampak Teknologi Informasi...
[2026-07-14T04:07:11.257Z]   ✅ Dampak Teknologi Informasi — 3 sections, 544 chars
[2026-07-14T04:07:11.757Z]   ⏳ IPA — Pelaporan Hasil Percobaan...
[2026-07-14T04:07:31.646Z]   ✅ Pelaporan Hasil Percobaan — 2 sections, 283 chars
[2026-07-14T04:07:32.145Z]   ⏳ Pendidikan Pancasila — Macam-Macam Norma...
[2026-07-14T04:07:48.550Z]   ✅ Macam-Macam Norma — 4 sections, 892 chars
[2026-07-14T04:07:50.051Z] 🔄 [41-45/99] Processing 5 materials (0 done so far)...
[2026-07-14T04:07:50.051Z]   ⏳ PJOK — Pertahanan dan Penyerangan...
[2026-07-14T04:08:03.100Z]   ✅ Pertahanan dan Penyerangan — 3 sections, 952 chars
[2026-07-14T04:08:03.601Z]   ⏳ Matematika — Harga dan Diskon...
[2026-07-14T04:08:24.448Z]   ✅ Harga dan Diskon — 3 sections, 833 chars
[2026-07-14T04:08:24.947Z]   ⏳ IPA — Wujud Zat dan Partikel...
[2026-07-14T04:08:42.216Z]   ✅ Wujud Zat dan Partikel — 3 sections, 559 chars
[2026-07-14T04:08:42.717Z]   ⏳ IPS — Kegiatan Ekonomi...
[2026-07-14T04:08:53.325Z]   ✅ Kegiatan Ekonomi — 3 sections, 802 chars
[2026-07-14T04:08:53.826Z]   ⏳ Bahasa Inggris — School Facilities...
[2026-07-14T04:09:00.688Z]   ✅ School Facilities — 3 sections, 937 chars
[2026-07-14T04:09:02.189Z] 🔄 [46-50/99] Processing 5 materials (0 done so far)...
[2026-07-14T04:09:02.190Z]   ⏳ Bahasa Indonesia — Unsur Puisi Rakyat...
[2026-07-14T04:09:48.457Z]   ✅ Unsur Puisi Rakyat — 3 sections, 931 chars
[2026-07-14T04:09:48.958Z]   ⏳ Pendidikan Pancasila — Penerapan Norma...
[2026-07-14T04:09:58.416Z]   ✅ Penerapan Norma — 3 sections, 451 chars
[2026-07-14T04:09:58.918Z]   ⏳ Bahasa Indonesia — Menulis Puisi...
[2026-07-14T04:10:11.753Z]   ✅ Menulis Puisi — 4 sections, 827 chars
[2026-07-14T04:10:12.251Z]   ⏳ IPA — Perubahan Fisika dan Kimia...
[2026-07-14T04:10:34.982Z]   ✅ Perubahan Fisika dan Kimia — 3 sections, 706 chars
[2026-07-14T04:10:35.482Z]   ⏳ Bahasa Inggris — Expressing Hobbies...
[2026-07-14T04:10:48.249Z]   ✅ Expressing Hobbies — 3 sections, 815 chars
[2026-07-14T04:10:49.749Z] 🔄 [51-55/99] Processing 5 materials (0 done so far)...
[2026-07-14T04:10:49.750Z]   ⏳ Pendidikan Pancasila — Hukum dan Keadilan...
[2026-07-14T04:11:09.968Z]   ✅ Hukum dan Keadilan — 3 sections, 562 chars
[2026-07-14T04:11:10.468Z]   ⏳ PJOK — Konsep Gerak...
[2026-07-14T04:12:00.123Z]   ✅ Konsep Gerak — 3 sections, 697 chars
[2026-07-14T04:12:00.624Z]   ⏳ Matematika — Luas dan Keliling...
[2026-07-14T04:12:47.723Z]   ✅ Luas dan Keliling — 3 sections, 782 chars
[2026-07-14T04:12:48.222Z]   ⏳ IPA — Pemisahan Campuran...
[2026-07-14T04:13:03.183Z]   ✅ Pemisahan Campuran — 3 sections, 911 chars
[2026-07-14T04:13:03.683Z]   ⏳ Matematika — Penyajian Data...
[2026-07-14T04:13:21.452Z]   ✅ Penyajian Data — 4 sections, 976 chars
[2026-07-14T04:13:22.953Z] 🔄 [56-60/99] Processing 5 materials (0 done so far)...
[2026-07-14T04:13:22.953Z]   ⏳ Bahasa Indonesia — Teks Prosedur...
[2026-07-14T04:13:39.815Z]   ✅ Teks Prosedur — 3 sections, 401 chars
[2026-07-14T04:13:40.316Z]   ⏳ Pendidikan Pancasila — Makna Persatuan...
[2026-07-14T04:13:52.501Z]   ✅ Makna Persatuan — 4 sections, 681 chars
[2026-07-14T04:13:53.000Z]   ⏳ Bahasa Inggris — Sports and Activities...
[2026-07-14T04:14:03.479Z]   ✅ Sports and Activities — 3 sections, 666 chars
[2026-07-14T04:14:03.978Z]   ⏳ PJOK — Fase-Fase Gerak...
[2026-07-14T04:15:13.556Z]   ✅ Fase-Fase Gerak — 4 sections, 758 chars
[2026-07-14T04:15:14.056Z]   ⏳ IPA — Suhu dan Termometer...
[2026-07-14T04:15:35.891Z]   ✅ Suhu dan Termometer — 3 sections, 720 chars
[2026-07-14T04:15:37.392Z] 🔄 [61-65/99] Processing 5 materials (0 done so far)...
[2026-07-14T04:15:37.393Z]   ⏳ Bahasa Inggris — Describing People...
[2026-07-14T04:15:51.914Z]   ✅ Describing People — 3 sections, 897 chars
[2026-07-14T04:15:52.415Z]   ⏳ PJOK — Koreksi Gerak...
[2026-07-14T04:17:01.842Z]   ✅ Koreksi Gerak — 3 sections, 458 chars
[2026-07-14T04:17:02.341Z]   ⏳ Bahasa Indonesia — Struktur dan Kebahasaan...
[2026-07-14T04:17:22.913Z]   ✅ Struktur dan Kebahasaan — 3 sections, 1065 chars
[2026-07-14T04:17:23.413Z]   ⏳ Pendidikan Pancasila — Bhineka Tunggal Ika...
[2026-07-14T04:17:37.658Z]   ✅ Bhineka Tunggal Ika — 3 sections, 521 chars
[2026-07-14T04:17:38.158Z]   ⏳ Pendidikan Pancasila — Tantangan Keberagaman...
[2026-07-14T04:18:25.083Z]   ✅ Tantangan Keberagaman — 3 sections, 782 chars
[2026-07-14T04:18:26.582Z] 🔄 [66-70/99] Processing 5 materials (0 done so far)...
[2026-07-14T04:18:26.582Z]   ⏳ IPA — Kalor dan Perpindahannya...
[2026-07-14T04:18:44.657Z]   ✅ Kalor dan Perpindahannya — 3 sections, 582 chars
[2026-07-14T04:18:45.157Z]   ⏳ PJOK — Peran dalam Tim...
[2026-07-14T04:19:03.841Z]   ✅ Peran dalam Tim — 3 sections, 629 chars
[2026-07-14T04:19:04.342Z]   ⏳ Bahasa Indonesia — Teks Berita...
[2026-07-14T04:19:16.432Z]   ✅ Teks Berita — 5 sections, 1243 chars
[2026-07-14T04:19:16.931Z]   ⏳ Bahasa Inggris — Describing Places...
[2026-07-14T04:19:39.733Z]   ✅ Describing Places — 3 sections, 660 chars
[2026-07-14T04:19:40.233Z]   ⏳ PJOK — Komunikasi dan Koordinasi...
[2026-07-14T04:19:58.134Z]   ✅ Komunikasi dan Koordinasi — 3 sections, 1031 chars
[2026-07-14T04:19:59.636Z] 🔄 [71-75/99] Processing 5 materials (0 done so far)...
[2026-07-14T04:19:59.636Z]   ⏳ IPA — Pemuaian...
[2026-07-14T04:20:48.968Z]   ✅ Pemuaian — 3 sections, 837 chars
[2026-07-14T04:20:49.468Z]   ⏳ Pendidikan Pancasila — Wilayah Negara Kesatuan...
[2026-07-14T04:21:28.388Z]   ✅ Wilayah Negara Kesatuan — 3 sections, 754 chars
[2026-07-14T04:21:28.889Z]   ⏳ Bahasa Indonesia — Unsur-Unsur Berita...
[2026-07-14T04:22:15.633Z]   ✅ Unsur-Unsur Berita — 3 sections, 945 chars
[2026-07-14T04:22:16.134Z]   ⏳ Bahasa Indonesia — Menulis Teks Berita...
[2026-07-14T04:23:04.267Z]   ✅ Menulis Teks Berita — 3 sections, 1016 chars
[2026-07-14T04:23:04.767Z]   ⏳ IPA — Gerak Benda...
[2026-07-14T04:23:14.672Z]   ✅ Gerak Benda — 4 sections, 786 chars
[2026-07-14T04:23:16.174Z] 🔄 [76-80/99] Processing 5 materials (0 done so far)...
[2026-07-14T04:23:16.174Z]   ⏳ Pendidikan Pancasila — Unsur-Unsur Negara...
[2026-07-14T04:23:37.170Z]   ✅ Unsur-Unsur Negara — 4 sections, 916 chars
[2026-07-14T04:23:37.670Z]   ⏳ PJOK — Sportivitas...
[2026-07-14T04:23:46.082Z]   ✅ Sportivitas — 4 sections, 915 chars
[2026-07-14T04:23:46.582Z]   ⏳ Bahasa Indonesia — Buku Bergambar...
[2026-07-14T04:24:02.159Z]   ✅ Buku Bergambar — 3 sections, 666 chars
[2026-07-14T04:24:02.658Z]   ⏳ PJOK — Kebugaran Jasmani...
[2026-07-14T04:24:20.824Z]   ✅ Kebugaran Jasmani — 3 sections, 1175 chars
[2026-07-14T04:24:21.325Z]   ⏳ Pendidikan Pancasila — Menjaga Keutuhan Wilayah...
[2026-07-14T04:24:40.207Z]   ✅ Menjaga Keutuhan Wilayah — 3 sections, 964 chars
[2026-07-14T04:24:41.708Z] 🔄 [81-85/99] Processing 5 materials (0 done so far)...
[2026-07-14T04:24:41.709Z]   ⏳ IPA — Gaya dan Hukum Newton...
[2026-07-14T04:24:59.019Z]   ✅ Gaya dan Hukum Newton — 3 sections, 1122 chars
[2026-07-14T04:24:59.520Z]   ⏳ Bahasa Indonesia — Membedah Buku...
[2026-07-14T04:25:48.170Z]   ✅ Membedah Buku — 3 sections, 506 chars
[2026-07-14T04:25:48.670Z]   ⏳ IPA — Pesawat Sederhana...
[2026-07-14T04:26:26.558Z]   ✅ Pesawat Sederhana — 3 sections, 826 chars
[2026-07-14T04:26:27.058Z]   ⏳ PJOK — Tes Kebugaran...
[2026-07-14T04:26:39.811Z]   ✅ Tes Kebugaran — 3 sections, 878 chars
[2026-07-14T04:26:40.311Z]   ⏳ Bahasa Indonesia — Literasi Visual...
[2026-07-14T04:26:55.701Z]   ✅ Literasi Visual — 4 sections, 574 chars
[2026-07-14T04:26:57.203Z] 🔄 [86-90/99] Processing 5 materials (0 done so far)...
[2026-07-14T04:26:57.203Z]   ⏳ IPA — Tekanan Zat...
[2026-07-14T04:28:12.462Z]   ✅ Tekanan Zat — 3 sections, 885 chars
[2026-07-14T04:28:12.962Z]   ⏳ PJOK — Program Latihan...
[2026-07-14T04:28:29.083Z]   ✅ Program Latihan — 3 sections, 597 chars
[2026-07-14T04:28:29.583Z]   ⏳ IPA — Ciri-Ciri Makhluk Hidup...
[2026-07-14T04:29:07.845Z]   ✅ Ciri-Ciri Makhluk Hidup — 3 sections, 1153 chars
[2026-07-14T04:29:08.345Z]   ⏳ PJOK — Pola Makan Sehat...
[2026-07-14T04:29:19.351Z]   ✅ Pola Makan Sehat — 3 sections, 730 chars
[2026-07-14T04:29:19.851Z]   ⏳ PJOK — Gizi Seimbang...
[2026-07-14T04:29:30.147Z]   ✅ Gizi Seimbang — 3 sections, 892 chars
[2026-07-14T04:29:31.647Z] 🔄 [91-95/99] Processing 5 materials (0 done so far)...
[2026-07-14T04:29:31.647Z]   ⏳ IPA — Klasifikasi Makhluk Hidup...
[2026-07-14T04:29:48.758Z]   ✅ Klasifikasi Makhluk Hidup — 3 sections, 594 chars
[2026-07-14T04:29:49.258Z]   ⏳ PJOK — Pencegahan Penyakit...
[2026-07-14T04:30:04.652Z]   ✅ Pencegahan Penyakit — 3 sections, 860 chars
[2026-07-14T04:30:05.153Z]   ⏳ IPA — Keanekaragaman Hayati...
[2026-07-14T04:30:50.004Z]   ✅ Keanekaragaman Hayati — 3 sections, 1066 chars
[2026-07-14T04:30:50.505Z]   ⏳ IPA — Komponen Ekosistem...
[2026-07-14T04:31:04.780Z]   ✅ Komponen Ekosistem — 3 sections, 1049 chars
[2026-07-14T04:31:05.281Z]   ⏳ IPA — Interaksi Antar Makhluk Hidup...
[2026-07-14T04:31:43.433Z]   ✅ Interaksi Antar Makhluk Hidup — 3 sections, 811 chars
[2026-07-14T04:31:44.935Z] 🔄 [96-99/99] Processing 4 materials (0 done so far)...
[2026-07-14T04:31:44.935Z]   ⏳ IPA — Pelestarian Lingkungan...
[2026-07-14T04:31:57.473Z]   ✅ Pelestarian Lingkungan — 3 sections, 500 chars
[2026-07-14T04:31:57.974Z]   ⏳ IPA — Struktur Bumi...
[2026-07-14T04:32:43.420Z]   ✅ Struktur Bumi — 1 sections, 74 chars
[2026-07-14T04:32:43.921Z]   ⏳ IPA — Tata Surya...
[2026-07-14T04:32:56.285Z]   ✅ Tata Surya — 3 sections, 753 chars
[2026-07-14T04:32:56.784Z]   ⏳ IPA — Rotasi dan Revolusi Bumi...
[2026-07-14T04:33:16.501Z]   ✅ Rotasi dan Revolusi Bumi — 3 sections, 868 chars
[2026-07-14T04:33:17.001Z] 
📊 Slide regeneration: 99 succeeded, 0 failed, 0 skipped in 2517.7s
[2026-07-14T04:33:17.001Z] 
🔄 Regenerating mindmaps from new hierarchical slides...
[2026-07-14T04:33:17.056Z]   📍 20/99 mindmaps done...
[2026-07-14T04:33:17.090Z]   📍 40/99 mindmaps done...
[2026-07-14T04:33:17.133Z]   📍 60/99 mindmaps done...
[2026-07-14T04:33:17.186Z]   📍 80/99 mindmaps done...
[2026-07-14T04:33:17.218Z] 
============================================================
[2026-07-14T04:33:17.218Z] 🏁 RAIHAN SMP7 COMPLETE
[2026-07-14T04:33:17.218Z] ============================================================
[2026-07-14T04:33:17.218Z] 📊 Slide Regeneration:  99 succeeded, 0 failed
[2026-07-14T04:33:17.218Z] 📊 Mindmap Generation:  99 succeeded, 0 failed
[2026-07-14T04:33:17.218Z] 📊 Multi-Branch Mindmaps: 0 / 99
[2026-07-14T04:33:17.218Z] ⏱️  Total Duration:     2518.0s
[2026-07-14T04:33:17.218Z] 
📋 DETAILED COMPARISON:
[2026-07-14T04:33:17.218Z] --------------------------------------------------------------------------------
[2026-07-14T04:33:17.218Z] SUBJECT              TOPIC                STATUS          BRANCHES
[2026-07-14T04:33:17.218Z] --------------------------------------------------------------------------------
[2026-07-14T04:33:17.227Z] Informatika          Dasar Berpikir Kom   ✅ HIERARCHICAL  1 branches
[2026-07-14T04:33:17.227Z] Matematika           Bilangan Bulat dan   ✅ HIERARCHICAL  1 branches
[2026-07-14T04:33:17.227Z] IPA                  Hakikat Ilmu Sains   ✅ HIERARCHICAL  1 branches
[2026-07-14T04:33:17.227Z] Pendidikan Pancasila Sejarah Kelahiran    ✅ HIERARCHICAL  1 branches
[2026-07-14T04:33:17.227Z] Bahasa Indonesia     Teks Deskripsi       ✅ HIERARCHICAL  1 branches
[2026-07-14T04:33:17.227Z] PJOK                 Gerak Lokomotor da   ✅ HIERARCHICAL  1 branches
[2026-07-14T04:33:17.227Z] IPS                  Ruang dan Sumber D   ✅ HIERARCHICAL  1 branches
[2026-07-14T04:33:17.227Z] Bahasa Inggris       Greetings and Intr   ✅ HIERARCHICAL  1 branches
[2026-07-14T04:33:17.227Z] Informatika          Algoritma dan Pemr   ✅ HIERARCHICAL  1 branches
[2026-07-14T04:33:17.227Z] Bahasa Inggris       Personal Identity    ✅ HIERARCHICAL  1 branches
[2026-07-14T04:33:17.227Z] IPA                  Laboratorium IPA     ✅ HIERARCHICAL  1 branches
[2026-07-14T04:33:17.227Z] Bahasa Indonesia     Unsur Bahasa dalam   ✅ HIERARCHICAL  1 branches
[2026-07-14T04:33:17.227Z] Pendidikan Pancasila Nilai-Nilai Pancas   ✅ HIERARCHICAL  1 branches
[2026-07-14T04:33:17.228Z] Matematika           Bilangan Pecahan     ✅ HIERARCHICAL  1 branches
[2026-07-14T04:33:17.228Z] IPS                  Bentuk Interaksi S   ✅ HIERARCHICAL  1 branches
[2026-07-14T04:33:17.228Z] PJOK                 Hubungan Gerak Das   ✅ HIERARCHICAL  1 branches
[2026-07-14T04:33:17.228Z] PJOK                 Umpan Balik Belaja   ✅ HIERARCHICAL  1 branches
[2026-07-14T04:33:17.228Z] IPS                  Keragaman Suku dan   ✅ HIERARCHICAL  1 branches
[2026-07-14T04:33:17.228Z] Matematika           Bentuk Aljabar       ✅ HIERARCHICAL  1 branches
[2026-07-14T04:33:17.228Z] Informatika          Jaringan Internet    ✅ HIERARCHICAL  1 branches
[2026-07-14T04:33:17.228Z] Bahasa Indonesia     Menganalisis Teks    ✅ HIERARCHICAL  1 branches
[2026-07-14T04:33:17.228Z] Bahasa Inggris       Daily Routines       ✅ HIERARCHICAL  1 branches
[2026-07-14T04:33:17.228Z] Pendidikan Pancasila Makna Sila-Sila Pa   ✅ HIERARCHICAL  1 branches
[2026-07-14T04:33:17.228Z] IPA                  Metode Ilmiah        ✅ HIERARCHICAL  1 branches
[2026-07-14T04:33:17.228Z] PJOK                 Taktik Permainan B   ✅ HIERARCHICAL  1 branches
[2026-07-14T04:33:17.228Z] IPA                  Merancang Percobaa   ✅ HIERARCHICAL  1 branches
[2026-07-14T04:33:17.228Z] Pendidikan Pancasila Penerapan Pancasil   ✅ HIERARCHICAL  1 branches
[2026-07-14T04:33:17.228Z] Matematika           Persamaan Linear     ✅ HIERARCHICAL  1 branches
[2026-07-14T04:33:17.228Z] Bahasa Inggris       Telling Time         ✅ HIERARCHICAL  1 branches
[2026-07-14T04:33:17.228Z] IPS                  Masa Hindu-Buddha    ✅ HIERARCHICAL  1 branches
[2026-07-14T04:33:17.228Z] Informatika          Keamanan Data dan    ✅ HIERARCHICAL  1 branches
[2026-07-14T04:33:17.228Z] Bahasa Indonesia     Menyajikan Teks De   ✅ HIERARCHICAL  1 branches
[2026-07-14T04:33:17.228Z] Bahasa Inggris       Subjects and Sched   ✅ HIERARCHICAL  1 branches
[2026-07-14T04:33:17.228Z] Matematika           Skala dan Rasio      ✅ HIERARCHICAL  1 branches
[2026-07-14T04:33:17.228Z] PJOK                 Taktik Permainan B   ✅ HIERARCHICAL  1 branches
[2026-07-14T04:33:17.229Z] IPS                  Masa Islam           ✅ HIERARCHICAL  1 branches
[2026-07-14T04:33:17.229Z] Bahasa Indonesia     Mengenal Puisi       ✅ HIERARCHICAL  1 branches
[2026-07-14T04:33:17.229Z] Informatika          Dampak Teknologi I   ✅ HIERARCHICAL  1 branches
[2026-07-14T04:33:17.229Z] Pendidikan Pancasila Macam-Macam Norma    ✅ HIERARCHICAL  1 branches
[2026-07-14T04:33:17.229Z] IPA                  Pelaporan Hasil Pe   ✅ HIERARCHICAL  1 branches
[2026-07-14T04:33:17.229Z] Pendidikan Pancasila Penerapan Norma      ✅ HIERARCHICAL  1 branches
[2026-07-14T04:33:17.229Z] IPS                  Kegiatan Ekonomi     ✅ HIERARCHICAL  1 branches
[2026-07-14T04:33:17.229Z] Bahasa Indonesia     Unsur Puisi Rakyat   ✅ HIERARCHICAL  1 branches
[2026-07-14T04:33:17.229Z] PJOK                 Pertahanan dan Pen   ✅ HIERARCHICAL  1 branches
[2026-07-14T04:33:17.229Z] Bahasa Inggris       School Facilities    ✅ HIERARCHICAL  1 branches
[2026-07-14T04:33:17.229Z] Matematika           Harga dan Diskon     ✅ HIERARCHICAL  1 branches
[2026-07-14T04:33:17.229Z] IPA                  Wujud Zat dan Part   ✅ HIERARCHICAL  1 branches
[2026-07-14T04:33:17.229Z] Bahasa Inggris       Expressing Hobbies   ✅ HIERARCHICAL  1 branches
[2026-07-14T04:33:17.229Z] Matematika           Luas dan Keliling    ✅ HIERARCHICAL  1 branches
[2026-07-14T04:33:17.229Z] IPA                  Perubahan Fisika d   ✅ HIERARCHICAL  1 branches
[2026-07-14T04:33:17.229Z] Bahasa Indonesia     Menulis Puisi        ✅ HIERARCHICAL  1 branches
[2026-07-14T04:33:17.229Z] PJOK                 Konsep Gerak         ✅ HIERARCHICAL  1 branches
[2026-07-14T04:33:17.229Z] Pendidikan Pancasila Hukum dan Keadilan   ✅ HIERARCHICAL  1 branches
[2026-07-14T04:33:17.229Z] PJOK                 Fase-Fase Gerak      ✅ HIERARCHICAL  1 branches
[2026-07-14T04:33:17.229Z] IPA                  Pemisahan Campuran   ✅ HIERARCHICAL  1 branches
[2026-07-14T04:33:17.229Z] Matematika           Penyajian Data       ✅ HIERARCHICAL  1 branches
[2026-07-14T04:33:17.230Z] Pendidikan Pancasila Makna Persatuan      ✅ HIERARCHICAL  1 branches
[2026-07-14T04:33:17.230Z] Bahasa Indonesia     Teks Prosedur        ✅ HIERARCHICAL  1 branches
[2026-07-14T04:33:17.230Z] Bahasa Inggris       Sports and Activit   ✅ HIERARCHICAL  1 branches
[2026-07-14T04:33:17.230Z] Bahasa Indonesia     Struktur dan Kebah   ✅ HIERARCHICAL  1 branches
[2026-07-14T04:33:17.230Z] PJOK                 Koreksi Gerak        ✅ HIERARCHICAL  1 branches
[2026-07-14T04:33:17.230Z] IPA                  Suhu dan Termomete   ✅ HIERARCHICAL  1 branches
[2026-07-14T04:33:17.230Z] Bahasa Inggris       Describing People    ✅ HIERARCHICAL  1 branches
[2026-07-14T04:33:17.230Z] Pendidikan Pancasila Bhineka Tunggal Ik   ✅ HIERARCHICAL  1 branches
[2026-07-14T04:33:17.230Z] Bahasa Inggris       Describing Places    ✅ HIERARCHICAL  1 branches
[2026-07-14T04:33:17.230Z] IPA                  Kalor dan Perpinda   ✅ HIERARCHICAL  1 branches
[2026-07-14T04:33:17.230Z] PJOK                 Peran dalam Tim      ✅ HIERARCHICAL  1 branches
[2026-07-14T04:33:17.230Z] Pendidikan Pancasila Tantangan Keberaga   ✅ HIERARCHICAL  1 branches
[2026-07-14T04:33:17.230Z] Bahasa Indonesia     Teks Berita          ✅ HIERARCHICAL  1 branches
[2026-07-14T04:33:17.230Z] Pendidikan Pancasila Wilayah Negara Kes   ✅ HIERARCHICAL  1 branches
[2026-07-14T04:33:17.230Z] Bahasa Indonesia     Unsur-Unsur Berita   ✅ HIERARCHICAL  1 branches
[2026-07-14T04:33:17.230Z] PJOK                 Komunikasi dan Koo   ✅ HIERARCHICAL  1 branches
[2026-07-14T04:33:17.230Z] IPA                  Pemuaian             ✅ HIERARCHICAL  1 branches
[2026-07-14T04:33:17.230Z] Pendidikan Pancasila Unsur-Unsur Negara   ✅ HIERARCHICAL  1 branches
[2026-07-14T04:33:17.230Z] Bahasa Indonesia     Menulis Teks Berit   ✅ HIERARCHICAL  1 branches
[2026-07-14T04:33:17.230Z] PJOK                 Sportivitas          ✅ HIERARCHICAL  1 branches
[2026-07-14T04:33:17.230Z] IPA                  Gerak Benda          ✅ HIERARCHICAL  1 branches
[2026-07-14T04:33:17.230Z] Bahasa Indonesia     Buku Bergambar       ✅ HIERARCHICAL  1 branches
[2026-07-14T04:33:17.230Z] PJOK                 Kebugaran Jasmani    ✅ HIERARCHICAL  1 branches
[2026-07-14T04:33:17.230Z] IPA                  Gaya dan Hukum New   ✅ HIERARCHICAL  1 branches
[2026-07-14T04:33:17.230Z] Pendidikan Pancasila Menjaga Keutuhan W   ✅ HIERARCHICAL  1 branches
[2026-07-14T04:33:17.230Z] IPA                  Pesawat Sederhana    ✅ HIERARCHICAL  1 branches
[2026-07-14T04:33:17.230Z] PJOK                 Tes Kebugaran        ✅ HIERARCHICAL  1 branches
[2026-07-14T04:33:17.230Z] Bahasa Indonesia     Membedah Buku        ✅ HIERARCHICAL  1 branches
[2026-07-14T04:33:17.230Z] PJOK                 Program Latihan      ✅ HIERARCHICAL  1 branches
[2026-07-14T04:33:17.230Z] IPA                  Tekanan Zat          ✅ HIERARCHICAL  1 branches
[2026-07-14T04:33:17.230Z] Bahasa Indonesia     Literasi Visual      ✅ HIERARCHICAL  1 branches
[2026-07-14T04:33:17.231Z] IPA                  Ciri-Ciri Makhluk    ✅ HIERARCHICAL  1 branches
[2026-07-14T04:33:17.231Z] PJOK                 Pola Makan Sehat     ✅ HIERARCHICAL  1 branches
[2026-07-14T04:33:17.231Z] PJOK                 Gizi Seimbang        ✅ HIERARCHICAL  1 branches
[2026-07-14T04:33:17.231Z] IPA                  Klasifikasi Makhlu   ✅ HIERARCHICAL  1 branches
[2026-07-14T04:33:17.231Z] IPA                  Keanekaragaman Hay   ✅ HIERARCHICAL  1 branches
[2026-07-14T04:33:17.231Z] PJOK                 Pencegahan Penyaki   ✅ HIERARCHICAL  1 branches
[2026-07-14T04:33:17.231Z] IPA                  Komponen Ekosistem   ✅ HIERARCHICAL  1 branches
[2026-07-14T04:33:17.231Z] IPA                  Interaksi Antar Ma   ✅ HIERARCHICAL  1 branches
[2026-07-14T04:33:17.231Z] IPA                  Pelestarian Lingku   ✅ HIERARCHICAL  1 branches
[2026-07-14T04:33:17.231Z] IPA                  Struktur Bumi        ✅ HIERARCHICAL  1 branches
[2026-07-14T04:33:17.231Z] IPA                  Tata Surya           ✅ HIERARCHICAL  1 branches
[2026-07-14T04:33:17.231Z] IPA                  Rotasi dan Revolus   ✅ HIERARCHICAL  1 branches
[2026-07-14T04:33:17.231Z] --------------------------------------------------------------------------------
[2026-07-14T04:33:17.231Z] 📌 Final: 99 materials, 99 with mindmaps
[2026-07-14T04:33:17.231Z] 
✅ Checkpoint saved to /home/ubuntu/ai-private-tutor/data/.checkpoint-raihan.json
[2026-07-14T04:33:17.232Z] 📝 Log saved to /home/ubuntu/ai-private-tutor/scripts/raihan-gen.log
